#
# A fatal error has been detected by the Java Runtime Environment:
#
#  EXCEPTION_ACCESS_VIOLATION (0xc0000005) at pc=0x00007ffd090aea43, pid=35492, tid=48944
#
# JRE version: OpenJDK Runtime Environment JBR-17.0.8.1+7-1063.1-nomod (17.0.8.1+7) (build 17.0.8.1+7-b1063.1)
# Java VM: OpenJDK 64-Bit Server VM JBR-17.0.8.1+7-1063.1-nomod (17.0.8.1+7-b1063.1, mixed mode, emulated-client, tiered, compressed oops, compressed class ptrs, g1 gc, windows-amd64)
# Problematic frame:
# V  [jvm.dll+0x38ea43]
#
# No core dump will be written. Minidumps are not enabled by default on client versions of Windows
#
# If you would like to submit a bug report, please visit:
#   https://youtrack.jetbrains.com/issues/JBR
#

---------------  S U M M A R Y ------------

Command Line: -XX:TieredStopAtLevel=1 -Dspring.output.ansi.enabled=always -Dcom.sun.management.jmxremote -Dspring.jmx.enabled=true -Dspring.liveBeansView.mbeanDomain -Dspring.application.admin.enabled=true -Dmanagement.endpoints.jmx.exposure.include=* -javaagent:C:\Program Files\JetBrains\IntelliJ IDEA 2023.2.2\lib\idea_rt.jar=53541:C:\Program Files\JetBrains\IntelliJ IDEA 2023.2.2\bin -Dfile.encoding=UTF-8 com.example.deliverablerisk.DeliverableRiskApplication

Host: 11th Gen Intel(R) Core(TM) i5-11400H @ 2.70GHz, 12 cores, 7G,  Windows 11 , 64 bit Build 22621 (10.0.22621.4974)
Time: Thu Apr 10 02:31:57 2025 Europe de l , 64 bit Build 22621 (10.0.22621.4974) elapsed time: 21387.566290 seconds (0d 5h 56m 27s)

---------------  T H R E A D  ---------------

Current thread (0x000001cb0a5ffd90):  JavaThread "HikariPool-1 connection closer" daemon [_thread_in_vm, id=48944, stack(0x00000059c9500000,0x00000059c9600000)]

Stack: [0x00000059c9500000,0x00000059c9600000],  sp=0x00000059c95ff970,  free space=1022k
Native frames: (J=compiled Java code, j=interpreted, Vv=VM code, C=native code)
V  [jvm.dll+0x38ea43]
V  [jvm.dll+0x685202]
V  [jvm.dll+0x38f69b]
V  [jvm.dll+0x38f927]
V  [jvm.dll+0x415951]
V  [jvm.dll+0x7f9b8c]
V  [jvm.dll+0x7f3faa]
